TN:
SF:src/app.js
FNF:0
FNH:0
DA:1,1
DA:2,1
DA:3,1
DA:4,1
DA:6,1
DA:8,1
DA:14,1
DA:15,1
DA:18,1
DA:20,1
DA:22,1
LF:11
LH:11
BRF:0
BRH:0
end_of_record
TN:
SF:src/config/database.js
FN:17,(anonymous_0)
FN:18,(anonymous_1)
FNF:2
FNH:1
FNDA:2,(anonymous_0)
FNDA:0,(anonymous_1)
DA:1,2
DA:2,2
DA:4,2
DA:16,2
DA:17,2
DA:18,0
DA:20,2
LF:7
LH:6
BRF:0
BRH:0
end_of_record
TN:
SF:src/controllers/conversionController.js
FN:3,(anonymous_0)
FN:16,(anonymous_1)
FNF:2
FNH:2
FNDA:1,(anonymous_0)
FNDA:4,(anonymous_1)
DA:1,1
DA:3,1
DA:4,1
DA:6,1
DA:8,1
DA:9,0
DA:16,1
DA:17,4
DA:21,1
DA:28,1
DA:40,0
DA:41,0
DA:45,1
LF:13
LH:10
BRDA:6,0,0,1
BRDA:8,1,0,0
BRDA:8,1,1,1
BRDA:8,2,0,1
BRDA:8,2,1,1
BRDA:25,3,0,0
BRDA:25,3,1,1
BRDA:25,4,0,0
BRDA:25,4,1,1
BRF:9
BRH:6
end_of_record
TN:
SF:src/middlewares/errorHandler.js
FN:1,errorHandler
FNF:1
FNH:0
FNDA:0,errorHandler
DA:2,0
DA:4,0
DA:5,0
DA:7,0
DA:14,1
LF:5
LH:1
BRDA:4,0,0,0
BRDA:4,0,1,0
BRDA:5,1,0,0
BRDA:5,1,1,0
BRDA:10,2,0,0
BRDA:10,2,1,0
BRF:6
BRH:0
end_of_record
TN:
SF:src/routes/conversionRoutes.js
FNF:0
FNH:0
DA:1,1
DA:2,1
DA:3,1
DA:5,1
DA:7,1
LF:5
LH:5
BRF:0
BRH:0
end_of_record
TN:
SF:src/services/conversionService.js
FN:4,(anonymous_0)
FN:62,(anonymous_1)
FNF:2
FNH:2
FNDA:1,(anonymous_0)
FNDA:3,(anonymous_1)
DA:1,1
DA:6,1
DA:7,1
DA:9,1
DA:10,1
DA:12,1
DA:13,1
DA:14,1
DA:17,1
DA:18,1
DA:20,1
DA:54,1
DA:55,1
DA:56,0
DA:59,1
DA:60,1
DA:62,3
DA:71,0
DA:75,0
DA:80,1
LF:20
LH:17
BRDA:4,0,0,0
BRDA:12,1,0,0
BRDA:12,1,1,1
BRDA:13,2,0,0
BRDA:13,2,1,1
BRDA:14,3,0,0
BRDA:14,3,1,1
BRDA:17,4,0,1
BRDA:17,4,1,0
BRDA:39,5,0,0
BRDA:39,5,1,1
BRDA:50,6,0,0
BRDA:50,6,1,1
BRDA:55,7,0,0
BRDA:55,7,1,1
BRF:15
BRH:7
end_of_record
